Using pre-set license
Built from '2021.1/release' branch; Version is '2021.1.0f1 (61a549675243) revision 6399305'; Using compiler version '192528614'; Build Type 'Release'
OS: 'Windows 10 Pro; OS build 22000.527; Version 2009; 64bit' Language: 'en' Physical Memory: 32694 MB
BatchMode: 1, IsHumanControllingUs: 0, StartBugReporterOnCrash: 0, Is64bit: 1, IsPro: 0

 COMMAND LINE ARGUMENTS:
C:\Program Files\Unity 2021.1.0f1\Editor\Unity.exe
-adb2
-batchMode
-noUpm
-name
AssetImportWorker0
-projectPath
D:/School/ai-for-computer-games/ZOMBIES
-logFile
Logs/AssetImportWorker0.log
-srvPort
52974
Successfully changed project path to: D:/School/ai-for-computer-games/ZOMBIES
D:/School/ai-for-computer-games/ZOMBIES
Using Asset Import Pipeline V2.
Refreshing native plugins compatible for Editor in 29.78 ms, found 0 plugins.
Preloading 0 native plugins for Editor in 0.00 ms.
Initialize engine version: 2021.1.0f1 (61a549675243)
[Subsystems] Discovering subsystems at path C:/Program Files/Unity 2021.1.0f1/Editor/Data/Resources/UnitySubsystems
[Subsystems] Discovering subsystems at path D:/School/ai-for-computer-games/ZOMBIES/Assets
GfxDevice: creating device client; threaded=0; jobified=0
Direct3D:
    Version:  Direct3D 11.0 [level 11.1]
    Renderer: AMD Radeon RX 5700 (ID=0x731f)
    Vendor:   ATI
    VRAM:     8151 MB
    Driver:   30.0.13025.5005
Initialize mono
Mono path[0] = 'C:/Program Files/Unity 2021.1.0f1/Editor/Data/Managed'
Mono path[1] = 'C:/Program Files/Unity 2021.1.0f1/Editor/Data/MonoBleedingEdge/lib/mono/unityjit'
Mono config path = 'C:/Program Files/Unity 2021.1.0f1/Editor/Data/MonoBleedingEdge/etc'
Using monoOptions --debugger-agent=transport=dt_socket,embedding=1,server=y,suspend=n,address=127.0.0.1:56016
Begin MonoManager ReloadAssembly
Registering precompiled unity dll's ...
Register platform support module: C:/Program Files/Unity 2021.1.0f1/Editor/Data/PlaybackEngines/WindowsStandaloneSupport/UnityEditor.WindowsStandalone.Extensions.dll
Registered in 0.001046 seconds.
Native extension for WindowsStandalone target not found
Refreshing native plugins compatible for Editor in 29.22 ms, found 0 plugins.
Preloading 0 native plugins for Editor in 0.00 ms.
Mono: successfully reloaded assembly
- Completed reload, in  0.761 seconds
Platform modules already initialized, skipping
Registering precompiled user dll's ...
Registered in 0.000741 seconds.
Begin MonoManager ReloadAssembly
Native extension for WindowsStandalone target not found
Refreshing native plugins compatible for Editor in 0.49 ms, found 0 plugins.
Preloading 0 native plugins for Editor in 0.00 ms.
Mono: successfully reloaded assembly
- Completed reload, in  0.635 seconds
Platform modules already initialized, skipping
========================================================================
Worker process is ready to serve import requests
Launched and connected shader compiler UnityShaderCompiler.exe after 0.03 seconds
Refreshing native plugins compatible for Editor in 0.49 ms, found 0 plugins.
Preloading 0 native plugins for Editor in 0.00 ms.
Unloading 2035 Unused Serialized files (Serialized files now loaded: 0)
System memory in use before: 99.3 MB.
System memory in use after: 99.3 MB.

Unloading 117 unused Assets to reduce memory usage. Loaded Objects now: 2484.
Total: 2.242100 ms (FindLiveObjects: 0.158900 ms CreateObjectMapping: 0.069700 ms MarkObjects: 1.839500 ms  DeleteObjects: 0.173300 ms)

========================================================================
Received Import Request.
  path: Assets/[WORK FOLDER]/Scripts/Behavior tree/Movement
  artifactKey: Guid(d3b87833b1d778a409513fd889990e07) Importer(815301076,1909f56bfc062723c751e8b465ee728b)
Start importing Assets/[WORK FOLDER]/Scripts/Behavior tree/Movement using Guid(d3b87833b1d778a409513fd889990e07) Importer(815301076,1909f56bfc062723c751e8b465ee728b)  -> (artifact id: '1a6ddb4fb9619e2a0f437dee72cc9bb4') in 0.008550 seconds 
========================================================================
Received Import Request.
  Time since last request: 0.510272 seconds.
  path: Assets/[WORK FOLDER]/Scripts/Behavior tree/Movement/MovementTask.cs
  artifactKey: Guid(56de5cf7f7ee4e7459f1bc8a013b7bf3) Importer(815301076,1909f56bfc062723c751e8b465ee728b)
Start importing Assets/[WORK FOLDER]/Scripts/Behavior tree/Movement/MovementTask.cs using Guid(56de5cf7f7ee4e7459f1bc8a013b7bf3) Importer(815301076,1909f56bfc062723c751e8b465ee728b)  -> (artifact id: '5ba70b3bb899e53cfbe503575734bed9') in 0.017885 seconds 
========================================================================
Received Prepare
Registering precompiled user dll's ...
Registered in 0.000988 seconds.
Begin MonoManager ReloadAssembly
Native extension for WindowsStandalone target not found
Refreshing native plugins compatible for Editor in 0.49 ms, found 0 plugins.
Preloading 0 native plugins for Editor in 0.00 ms.
Warning: Annotation not found!
UnityEngine.StackTraceUtility:ExtractStackTrace ()
UnityEditor.ProBuilder.EditorUtility:SetGizmoIconEnabled (System.Type,bool) (at Library/PackageCache/com.unity.probuilder@4.4.0/Editor/EditorCore/EditorUtility.cs:593)
UnityEditor.ProBuilder.HierarchyListener:.cctor () (at Library/PackageCache/com.unity.probuilder@4.4.0/Editor/EditorCore/HierarchyListener.cs:21)
System.Runtime.CompilerServices.RuntimeHelpers:RunClassConstructor (System.RuntimeTypeHandle)
UnityEditor.EditorAssemblies:ProcessInitializeOnLoadAttributes (System.Type[])

[Library/PackageCache/com.unity.probuilder@4.4.0/Editor/EditorCore/EditorUtility.cs line 593]

Mono: successfully reloaded assembly
- Completed reload, in  0.625 seconds
Platform modules already initialized, skipping
Refreshing native plugins compatible for Editor in 0.44 ms, found 0 plugins.
Preloading 0 native plugins for Editor in 0.00 ms.
Unloading 1946 Unused Serialized files (Serialized files now loaded: 0)
System memory in use before: 92.6 MB.
System memory in use after: 92.6 MB.

Unloading 9 unused Assets to reduce memory usage. Loaded Objects now: 2487.
Total: 2.372800 ms (FindLiveObjects: 0.165600 ms CreateObjectMapping: 0.052000 ms MarkObjects: 2.062700 ms  DeleteObjects: 0.091600 ms)

========================================================================
Received Import Request.
  Time since last request: 51.252958 seconds.
  path: Assets/[WORK FOLDER]/Scripts/Behavior tree/Movement/MovementTask.cs
  artifactKey: Guid(56de5cf7f7ee4e7459f1bc8a013b7bf3) Importer(815301076,1909f56bfc062723c751e8b465ee728b)
Start importing Assets/[WORK FOLDER]/Scripts/Behavior tree/Movement/MovementTask.cs using Guid(56de5cf7f7ee4e7459f1bc8a013b7bf3) Importer(815301076,1909f56bfc062723c751e8b465ee728b)  -> (artifact id: 'ea43cc3ff072776ed43f6655cf85a1cb') in 0.006185 seconds 
========================================================================
Received Prepare
Registering precompiled user dll's ...
Registered in 0.000966 seconds.
Begin MonoManager ReloadAssembly
Native extension for WindowsStandalone target not found
Refreshing native plugins compatible for Editor in 0.65 ms, found 0 plugins.
Preloading 0 native plugins for Editor in 0.00 ms.
Warning: Annotation not found!
UnityEngine.StackTraceUtility:ExtractStackTrace ()
UnityEditor.ProBuilder.EditorUtility:SetGizmoIconEnabled (System.Type,bool) (at Library/PackageCache/com.unity.probuilder@4.4.0/Editor/EditorCore/EditorUtility.cs:593)
UnityEditor.ProBuilder.HierarchyListener:.cctor () (at Library/PackageCache/com.unity.probuilder@4.4.0/Editor/EditorCore/HierarchyListener.cs:21)
System.Runtime.CompilerServices.RuntimeHelpers:RunClassConstructor (System.RuntimeTypeHandle)
UnityEditor.EditorAssemblies:ProcessInitializeOnLoadAttributes (System.Type[])

[Library/PackageCache/com.unity.probuilder@4.4.0/Editor/EditorCore/EditorUtility.cs line 593]

Mono: successfully reloaded assembly
- Completed reload, in  0.792 seconds
Platform modules already initialized, skipping
Refreshing native plugins compatible for Editor in 0.58 ms, found 0 plugins.
Preloading 0 native plugins for Editor in 0.00 ms.
Unloading 1945 Unused Serialized files (Serialized files now loaded: 0)
System memory in use before: 92.6 MB.
System memory in use after: 92.6 MB.

Unloading 9 unused Assets to reduce memory usage. Loaded Objects now: 2489.
Total: 2.588300 ms (FindLiveObjects: 0.192100 ms CreateObjectMapping: 0.048800 ms MarkObjects: 2.260200 ms  DeleteObjects: 0.086600 ms)

========================================================================
Received Import Request.
  Time since last request: 12.803271 seconds.
  path: Assets/[WORK FOLDER]/Scripts/Behavior tree/Movement/Avoidance
  artifactKey: Guid(d9aca8a4200b041c087627046c86871f) Importer(815301076,1909f56bfc062723c751e8b465ee728b)
Start importing Assets/[WORK FOLDER]/Scripts/Behavior tree/Movement/Avoidance using Guid(d9aca8a4200b041c087627046c86871f) Importer(815301076,1909f56bfc062723c751e8b465ee728b)  -> (artifact id: '6b0f151005aff65370ea67fa6fa84baa') in 0.012819 seconds 
========================================================================
Received Import Request.
  Time since last request: 1.942205 seconds.
  path: Assets/[WORK FOLDER]/Scripts/Behavior tree/Movement/Avoidance/AvoidZombiesTask.cs
  artifactKey: Guid(e180fc6dac0ec48239fe2599654356be) Importer(815301076,1909f56bfc062723c751e8b465ee728b)
Start importing Assets/[WORK FOLDER]/Scripts/Behavior tree/Movement/Avoidance/AvoidZombiesTask.cs using Guid(e180fc6dac0ec48239fe2599654356be) Importer(815301076,1909f56bfc062723c751e8b465ee728b)  -> (artifact id: '67f17be2ae9b20d94e5571559057a489') in 0.007154 seconds 
========================================================================
Received Import Request.
  Time since last request: 2.449140 seconds.
  path: Assets/[WORK FOLDER]/Scripts/Behavior tree/Movement/Avoidance/AvoidMainTask.cs
  artifactKey: Guid(26d760c12cb094541a021b3876297b7a) Importer(815301076,1909f56bfc062723c751e8b465ee728b)
Start importing Assets/[WORK FOLDER]/Scripts/Behavior tree/Movement/Avoidance/AvoidMainTask.cs using Guid(26d760c12cb094541a021b3876297b7a) Importer(815301076,1909f56bfc062723c751e8b465ee728b)  -> (artifact id: '89540dc2592c1b45262cab1dbe5bdeeb') in 0.007951 seconds 
========================================================================
Received Prepare
Registering precompiled user dll's ...
Registered in 0.000900 seconds.
Begin MonoManager ReloadAssembly
Native extension for WindowsStandalone target not found
Refreshing native plugins compatible for Editor in 0.52 ms, found 0 plugins.
Preloading 0 native plugins for Editor in 0.00 ms.
Warning: Annotation not found!
UnityEngine.StackTraceUtility:ExtractStackTrace ()
UnityEditor.ProBuilder.EditorUtility:SetGizmoIconEnabled (System.Type,bool) (at Library/PackageCache/com.unity.probuilder@4.4.0/Editor/EditorCore/EditorUtility.cs:593)
UnityEditor.ProBuilder.HierarchyListener:.cctor () (at Library/PackageCache/com.unity.probuilder@4.4.0/Editor/EditorCore/HierarchyListener.cs:21)
System.Runtime.CompilerServices.RuntimeHelpers:RunClassConstructor (System.RuntimeTypeHandle)
UnityEditor.EditorAssemblies:ProcessInitializeOnLoadAttributes (System.Type[])

[Library/PackageCache/com.unity.probuilder@4.4.0/Editor/EditorCore/EditorUtility.cs line 593]

Mono: successfully reloaded assembly
- Completed reload, in  0.593 seconds
Platform modules already initialized, skipping
Refreshing native plugins compatible for Editor in 0.50 ms, found 0 plugins.
Preloading 0 native plugins for Editor in 0.00 ms.
Unloading 1945 Unused Serialized files (Serialized files now loaded: 0)
System memory in use before: 92.6 MB.
System memory in use after: 92.7 MB.

Unloading 9 unused Assets to reduce memory usage. Loaded Objects now: 2491.
Total: 2.094400 ms (FindLiveObjects: 0.167700 ms CreateObjectMapping: 0.046500 ms MarkObjects: 1.798500 ms  DeleteObjects: 0.080800 ms)

========================================================================
Received Import Request.
  Time since last request: 28.799935 seconds.
  path: Assets/[WORK FOLDER]/Scripts/Behavior tree/Movement/Avoidance/AvoidMainTask.cs
  artifactKey: Guid(26d760c12cb094541a021b3876297b7a) Importer(815301076,1909f56bfc062723c751e8b465ee728b)
Start importing Assets/[WORK FOLDER]/Scripts/Behavior tree/Movement/Avoidance/AvoidMainTask.cs using Guid(26d760c12cb094541a021b3876297b7a) Importer(815301076,1909f56bfc062723c751e8b465ee728b)  -> (artifact id: 'beb66a2d8b247de4e4edf7b46fa84d0a') in 0.006481 seconds 
========================================================================
Received Prepare
Registering precompiled user dll's ...
Registered in 0.000791 seconds.
Begin MonoManager ReloadAssembly
Native extension for WindowsStandalone target not found
Refreshing native plugins compatible for Editor in 0.50 ms, found 0 plugins.
Preloading 0 native plugins for Editor in 0.00 ms.
Warning: Annotation not found!
UnityEngine.StackTraceUtility:ExtractStackTrace ()
UnityEditor.ProBuilder.EditorUtility:SetGizmoIconEnabled (System.Type,bool) (at Library/PackageCache/com.unity.probuilder@4.4.0/Editor/EditorCore/EditorUtility.cs:593)
UnityEditor.ProBuilder.HierarchyListener:.cctor () (at Library/PackageCache/com.unity.probuilder@4.4.0/Editor/EditorCore/HierarchyListener.cs:21)
System.Runtime.CompilerServices.RuntimeHelpers:RunClassConstructor (System.RuntimeTypeHandle)
UnityEditor.EditorAssemblies:ProcessInitializeOnLoadAttributes (System.Type[])

[Library/PackageCache/com.unity.probuilder@4.4.0/Editor/EditorCore/EditorUtility.cs line 593]

Mono: successfully reloaded assembly
- Completed reload, in  0.568 seconds
Platform modules already initialized, skipping
Refreshing native plugins compatible for Editor in 0.49 ms, found 0 plugins.
Preloading 0 native plugins for Editor in 0.00 ms.
Unloading 1945 Unused Serialized files (Serialized files now loaded: 0)
System memory in use before: 92.6 MB.
System memory in use after: 92.7 MB.

Unloading 9 unused Assets to reduce memory usage. Loaded Objects now: 2493.
Total: 2.080400 ms (FindLiveObjects: 0.143000 ms CreateObjectMapping: 0.040900 ms MarkObjects: 1.816100 ms  DeleteObjects: 0.079800 ms)

AssetImportWorkerClient::OnTransportError - code=2 error=End of file
